<?xml version="1.0" encoding="UTF-8"?>
<!-- Generated by org.testng.reporters.JUnitReportReporter -->
<testsuite hostname="BLR-LT-101131" failures="0" tests="1" name="com.qa.testcases.IphonePageTest" time="17.664" errors="0" timestamp="14 Aug 2019 18:17:06 GMT" skipped="0">
  <testcase classname="com.qa.testcases.IphonePageTest" name="testiphonePage" time="17.664"/>
</testsuite> <!-- com.qa.testcases.IphonePageTest -->
