<?xml version="1.0" encoding="UTF-8"?>
<!-- Generated by org.testng.reporters.JUnitReportReporter -->
<testsuite hostname="BLR-LT-101131" failures="0" tests="1" name="com.qa.testcases.IPhonePricePageTest" time="19.651" errors="0" timestamp="14 Aug 2019 18:33:53 GMT" skipped="0">
  <testcase classname="com.qa.testcases.IPhonePricePageTest" name="testIphonePrice" time="19.651"/>
</testsuite> <!-- com.qa.testcases.IPhonePricePageTest -->
