<?xml version="1.0" encoding="UTF-8"?>
<!-- Generated by org.testng.reporters.JUnitReportReporter -->
<testsuite hostname="BLR-LT-101131" failures="0" tests="1" name="com.qa.testcases.SearchIphonePageTest" time="19.318" errors="0" timestamp="14 Aug 2019 15:01:52 GMT" skipped="0">
  <testcase classname="com.qa.testcases.SearchIphonePageTest" name="testSearchPhone" time="19.318"/>
</testsuite> <!-- com.qa.testcases.SearchIphonePageTest -->
